<?xml version="1.0" encoding="UTF-8"?>
<!-- Generated by org.testng.reporters.JUnitReportReporter -->
<testsuite hostname="LTIN509377" failures="0" tests="3" name="testRunner.TestRunner" time="73.719" errors="0" timestamp="2024-04-18T21:16:38 IST" skipped="0">
  <testcase classname="testRunner.TestRunner" name="runScenario" time="35.880"/>
  <testcase classname="testRunner.TestRunner" name="runScenario" time="10.795"/>
  <testcase classname="testRunner.TestRunner" name="runScenario" time="27.044"/>
</testsuite> <!-- testRunner.TestRunner -->
