<?xml version="1.0" encoding="UTF-8"?>
<!-- Generated by org.testng.reporters.JUnitReportReporter -->
<testsuite hostname="LTIN509377" failures="0" tests="3" name="testRunner.TestRunner" time="74.040" errors="0" timestamp="2024-04-18T21:34:08 IST" skipped="0">
  <testcase classname="testRunner.TestRunner" name="runScenario" time="35.791"/>
  <testcase classname="testRunner.TestRunner" name="runScenario" time="11.849"/>
  <testcase classname="testRunner.TestRunner" name="runScenario" time="26.400"/>
</testsuite> <!-- testRunner.TestRunner -->
