<?xml version="1.0" encoding="UTF-8"?>
<!-- Generated by org.testng.reporters.JUnitReportReporter -->
<testsuite hostname="LTIN509377" failures="0" tests="3" name="testRunner.TestRunner" time="84.785" errors="0" timestamp="2024-04-23T08:30:18 IST" skipped="0">
  <testcase classname="testRunner.TestRunner" name="runScenario" time="16.074"/>
  <testcase classname="testRunner.TestRunner" name="runScenario" time="43.582"/>
  <testcase classname="testRunner.TestRunner" name="runScenario" time="25.129"/>
</testsuite> <!-- testRunner.TestRunner -->
